<?xml version="1.0" encoding="UTF-8"?>
<testng-results skipped="0" failed="0" total="1" passed="1">
  <reporter-output>
  </reporter-output>
  <suite name="Suite" duration-ms="17402" started-at="2018-02-08T03:47:04Z" finished-at="2018-02-08T03:47:22Z">
    <groups>
      <group name="cucumber">
        <method signature="AbstractTestNGCucumberTests.feature(cucumber.api.testng.CucumberFeatureWrapper)[pri:0, instance:com.RunnerClass.CucumberRunner@22f71333]" name="feature" class="cucumber.api.testng.AbstractTestNGCucumberTests"/>
      </group> <!-- cucumber -->
    </groups>
    <test name="Test" duration-ms="17402" started-at="2018-02-08T03:47:04Z" finished-at="2018-02-08T03:47:22Z">
      <class name="com.RunnerClass.CucumberRunner">
        <test-method status="PASS" signature="intializeReport()[pri:0, instance:com.RunnerClass.CucumberRunner@22f71333]" name="intializeReport" is-config="true" duration-ms="374" started-at="2018-02-08T09:17:04Z" finished-at="2018-02-08T09:17:04Z">
          <reporter-output>
          </reporter-output>
        </test-method> <!-- intializeReport -->
        <test-method status="PASS" signature="startTest()[pri:0, instance:com.RunnerClass.CucumberRunner@22f71333]" name="startTest" is-config="true" duration-ms="16" started-at="2018-02-08T09:17:04Z" finished-at="2018-02-08T09:17:04Z">
          <reporter-output>
          </reporter-output>
        </test-method> <!-- startTest -->
        <test-method status="PASS" signature="setUpClass()[pri:0, instance:com.RunnerClass.CucumberRunner@22f71333]" name="setUpClass" is-config="true" duration-ms="390" started-at="2018-02-08T09:17:04Z" finished-at="2018-02-08T09:17:05Z">
          <reporter-output>
          </reporter-output>
        </test-method> <!-- setUpClass -->
        <test-method status="PASS" signature="feature(cucumber.api.testng.CucumberFeatureWrapper)[pri:0, instance:com.RunnerClass.CucumberRunner@22f71333]" name="feature" duration-ms="15863" started-at="2018-02-08T09:17:05Z" description="Runs Cucumber Feature" data-provider="features" finished-at="2018-02-08T09:17:21Z">
          <params>
            <param index="0">
              <value>
                <![CDATA[Title of your feature]]>
              </value>
            </param>
          </params>
          <reporter-output>
          </reporter-output>
        </test-method> <!-- feature -->
        <test-method status="PASS" signature="tearDownClass()[pri:0, instance:com.RunnerClass.CucumberRunner@22f71333]" name="tearDownClass" is-config="true" duration-ms="102" started-at="2018-02-08T09:17:21Z" finished-at="2018-02-08T09:17:21Z">
          <reporter-output>
          </reporter-output>
        </test-method> <!-- tearDownClass -->
        <test-method status="PASS" signature="endTest()[pri:0, instance:com.RunnerClass.CucumberRunner@22f71333]" name="endTest" is-config="true" duration-ms="825" started-at="2018-02-08T09:17:21Z" finished-at="2018-02-08T09:17:22Z">
          <reporter-output>
          </reporter-output>
        </test-method> <!-- endTest -->
        <test-method status="PASS" signature="flushreport()[pri:0, instance:com.RunnerClass.CucumberRunner@22f71333]" name="flushreport" is-config="true" duration-ms="9211" started-at="2018-02-08T09:17:22Z" finished-at="2018-02-08T09:17:31Z">
          <reporter-output>
          </reporter-output>
        </test-method> <!-- flushreport -->
      </class> <!-- com.RunnerClass.CucumberRunner -->
    </test> <!-- Test -->
  </suite> <!-- Suite -->
</testng-results>
