<?xml version="1.0" encoding="UTF-8"?>
<testng-results skipped="0" failed="0" total="1" passed="1">
  <reporter-output>
  </reporter-output>
  <suite name="Default suite" duration-ms="11943" started-at="2018-11-05T11:37:31Z" finished-at="2018-11-05T11:37:43Z">
    <groups>
      <group name="cucumber">
        <method signature="AbstractTestNGCucumberTests.feature(cucumber.api.testng.CucumberFeatureWrapper)[pri:0, instance:com.RunnerClass.CucumberRunner@754ba872]" name="feature" class="cucumber.api.testng.AbstractTestNGCucumberTests"/>
      </group> <!-- cucumber -->
    </groups>
    <test name="Default test" duration-ms="11943" started-at="2018-11-05T11:37:31Z" finished-at="2018-11-05T11:37:43Z">
      <class name="com.RunnerClass.CucumberRunner">
        <test-method status="PASS" signature="intializeReport()[pri:0, instance:com.RunnerClass.CucumberRunner@754ba872]" name="intializeReport" is-config="true" duration-ms="155" started-at="2018-11-05T17:07:31Z" finished-at="2018-11-05T17:07:31Z">
          <reporter-output>
          </reporter-output>
        </test-method> <!-- intializeReport -->
        <test-method status="PASS" signature="startTest()[pri:0, instance:com.RunnerClass.CucumberRunner@754ba872]" name="startTest" is-config="true" duration-ms="3" started-at="2018-11-05T17:07:31Z" finished-at="2018-11-05T17:07:31Z">
          <reporter-output>
          </reporter-output>
        </test-method> <!-- startTest -->
        <test-method status="PASS" signature="setUpClass()[pri:0, instance:com.RunnerClass.CucumberRunner@754ba872]" name="setUpClass" is-config="true" duration-ms="234" started-at="2018-11-05T17:07:31Z" finished-at="2018-11-05T17:07:31Z">
          <reporter-output>
          </reporter-output>
        </test-method> <!-- setUpClass -->
        <test-method status="PASS" signature="feature(cucumber.api.testng.CucumberFeatureWrapper)[pri:0, instance:com.RunnerClass.CucumberRunner@754ba872]" name="feature" duration-ms="11594" started-at="2018-11-05T17:07:32Z" description="Runs Cucumber Feature" data-provider="features" finished-at="2018-11-05T17:07:43Z">
          <params>
            <param index="0">
              <value>
                <![CDATA[This Feature is going to design Home page functionalities with the below listed scenarios]]>
              </value>
            </param>
          </params>
          <reporter-output>
          </reporter-output>
        </test-method> <!-- feature -->
        <test-method status="PASS" signature="tearDownClass()[pri:0, instance:com.RunnerClass.CucumberRunner@754ba872]" name="tearDownClass" is-config="true" duration-ms="6" started-at="2018-11-05T17:07:43Z" finished-at="2018-11-05T17:07:43Z">
          <reporter-output>
          </reporter-output>
        </test-method> <!-- tearDownClass -->
        <test-method status="FAIL" signature="endTest()[pri:0, instance:com.RunnerClass.CucumberRunner@754ba872]" name="endTest" is-config="true" duration-ms="0" started-at="2018-11-05T17:07:43Z" finished-at="2018-11-05T17:07:43Z">
          <exception class="java.lang.NullPointerException">
            <full-stacktrace>
              <![CDATA[java.lang.NullPointerException
	at com.RunnerClass.CucumberRunner.endTest(CucumberRunner.java:59)
	at sun.reflect.NativeMethodAccessorImpl.invoke0(Native Method)
	at sun.reflect.NativeMethodAccessorImpl.invoke(Unknown Source)
	at sun.reflect.DelegatingMethodAccessorImpl.invoke(Unknown Source)
	at java.lang.reflect.Method.invoke(Unknown Source)
	at org.testng.internal.MethodInvocationHelper.invokeMethod(MethodInvocationHelper.java:85)
	at org.testng.internal.Invoker.invokeConfigurationMethod(Invoker.java:510)
	at org.testng.internal.Invoker.invokeConfigurations(Invoker.java:211)
	at org.testng.internal.Invoker.invokeConfigurations(Invoker.java:138)
	at org.testng.TestRunner.afterRun(TestRunner.java:1023)
	at org.testng.TestRunner.run(TestRunner.java:628)
	at org.testng.SuiteRunner.runTest(SuiteRunner.java:359)
	at org.testng.SuiteRunner.runSequentially(SuiteRunner.java:354)
	at org.testng.SuiteRunner.privateRun(SuiteRunner.java:312)
	at org.testng.SuiteRunner.run(SuiteRunner.java:261)
	at org.testng.SuiteRunnerWorker.runSuite(SuiteRunnerWorker.java:52)
	at org.testng.SuiteRunnerWorker.run(SuiteRunnerWorker.java:86)
	at org.testng.TestNG.runSuitesSequentially(TestNG.java:1215)
	at org.testng.TestNG.runSuitesLocally(TestNG.java:1140)
	at org.testng.TestNG.run(TestNG.java:1048)
	at org.testng.remote.AbstractRemoteTestNG.run(AbstractRemoteTestNG.java:114)
	at org.testng.remote.RemoteTestNG.initAndRun(RemoteTestNG.java:251)
	at org.testng.remote.RemoteTestNG.main(RemoteTestNG.java:77)
]]>
            </full-stacktrace>
          </exception> <!-- java.lang.NullPointerException -->
          <reporter-output>
          </reporter-output>
        </test-method> <!-- endTest -->
        <test-method status="SKIP" signature="flushreport()[pri:0, instance:com.RunnerClass.CucumberRunner@754ba872]" name="flushreport" is-config="true" duration-ms="0" started-at="2018-11-05T17:07:43Z" finished-at="2018-11-05T17:07:43Z">
          <reporter-output>
          </reporter-output>
        </test-method> <!-- flushreport -->
      </class> <!-- com.RunnerClass.CucumberRunner -->
    </test> <!-- Default test -->
  </suite> <!-- Default suite -->
</testng-results>
